[debug] [2025-07-11T21:53:42.970Z] ----------------------------------------------------------------------
[debug] [2025-07-11T21:53:42.971Z] Command:       /home/sangeeth/.nvm/versions/node/v22.17.0/bin/node /home/sangeeth/.nvm/versions/node/v22.17.0/bin/firebase init
[debug] [2025-07-11T21:53:42.971Z] CLI Version:   14.9.0
[debug] [2025-07-11T21:53:42.971Z] Platform:      linux
[debug] [2025-07-11T21:53:42.972Z] Node Version:  v22.17.0
[debug] [2025-07-11T21:53:42.972Z] Time:          Sat Jul 12 2025 03:23:42 GMT+0530 (India Standard Time)
[debug] [2025-07-11T21:53:42.972Z] ----------------------------------------------------------------------
[debug] 
[debug] [2025-07-11T21:53:42.973Z] >>> [apiv2][query] GET https://firebase-public.firebaseio.com/cli.json [none]
[debug] [2025-07-11T21:53:42.998Z] > command requires scopes: ["email","openid","https://www.googleapis.com/auth/cloudplatformprojects.readonly","https://www.googleapis.com/auth/firebase","https://www.googleapis.com/auth/cloud-platform"]
[debug] [2025-07-11T21:53:42.999Z] > authorizing via signed-in user (sangeethnipun385@gmail.com)
[info] 
     ######## #### ########  ######## ########     ###     ######  ########
     ##        ##  ##     ## ##       ##     ##  ##   ##  ##       ##
     ######    ##  ########  ######   ########  #########  ######  ######
     ##        ##  ##    ##  ##       ##     ## ##     ##       ## ##
     ##       #### ##     ## ######## ########  ##     ##  ######  ########

You're about to initialize a Firebase project in this directory:

  /home/sangeeth/Documents/birthday-new/Birthday-surprise-for-friend-new

[debug] [2025-07-11T21:53:43.967Z] <<< [apiv2][status] GET https://firebase-public.firebaseio.com/cli.json 200
[debug] [2025-07-11T21:53:43.968Z] <<< [apiv2][body] GET https://firebase-public.firebaseio.com/cli.json {"cloudBuildErrorAfter":1594252800000,"cloudBuildWarnAfter":1590019200000,"defaultNode10After":1594252800000,"minVersion":"3.0.5","node8DeploysDisabledAfter":1613390400000,"node8RuntimeDisabledAfter":1615809600000,"node8WarnAfter":1600128000000}
[info] 
=== Project Setup
[info] 
[info] First, let's associate this project directory with a Firebase project.
[info] You can create multiple project aliases by running firebase use --add, 
[info] but for now we'll just set up a default project.
[info] 
[debug] [2025-07-11T21:54:09.788Z] Checked if tokens are valid: false, expires at: 1751194826032
[debug] [2025-07-11T21:54:09.789Z] Checked if tokens are valid: false, expires at: 1751194826032
[debug] [2025-07-11T21:54:09.791Z] > refreshing access token with scopes: []
[debug] [2025-07-11T21:54:09.795Z] >>> [apiv2][query] POST https://www.googleapis.com/oauth2/v3/token [none]
[debug] [2025-07-11T21:54:09.795Z] >>> [apiv2][body] POST https://www.googleapis.com/oauth2/v3/token [omitted]
[debug] [2025-07-11T21:54:10.180Z] <<< [apiv2][status] POST https://www.googleapis.com/oauth2/v3/token 200
[debug] [2025-07-11T21:54:10.180Z] <<< [apiv2][body] POST https://www.googleapis.com/oauth2/v3/token [omitted]
[debug] [2025-07-11T21:54:10.193Z] >>> [apiv2][query] GET https://firebase.googleapis.com/v1beta1/projects pageSize=100
[debug] [2025-07-11T21:54:11.194Z] <<< [apiv2][status] GET https://firebase.googleapis.com/v1beta1/projects 200
[debug] [2025-07-11T21:54:11.195Z] <<< [apiv2][body] GET https://firebase.googleapis.com/v1beta1/projects [omitted]
[info] i  Using project whatinsideits (seenow) 
[info] 
=== Hosting Setup
[debug] [2025-07-11T21:54:16.758Z] Checked if tokens are valid: true, expires at: 1752274449181
[debug] [2025-07-11T21:54:16.758Z] Checked if tokens are valid: true, expires at: 1752274449181
[debug] [2025-07-11T21:54:16.762Z] >>> [apiv2][query] GET https://firebase.googleapis.com/v1beta1/projects/whatinsideits [none]
[debug] [2025-07-11T21:54:17.744Z] <<< [apiv2][status] GET https://firebase.googleapis.com/v1beta1/projects/whatinsideits 200
[debug] [2025-07-11T21:54:17.745Z] <<< [apiv2][body] GET https://firebase.googleapis.com/v1beta1/projects/whatinsideits {"projectId":"whatinsideits","projectNumber":"741522433167","displayName":"seenow","name":"projects/whatinsideits","resources":{"hostingSite":"whatinsideits"},"state":"ACTIVE","etag":"1_59d7e866-8292-4aeb-a475-5eafe345a7f4"}
[info] 
[info] Your public directory is the folder (relative to your project directory) that
[info] will contain Hosting assets to be uploaded with firebase deploy. If you
[info] have a build process for your assets, use your build's output directory.
[info] 
